#
# There is insufficient memory for the Java Runtime Environment to continue.
# Native memory allocation (mmap) failed to map 58720256 bytes for G1 virtual space
# Possible reasons:
#   The system is out of physical RAM or swap space
#   The process is running with CompressedOops enabled, and the Java Heap may be blocking the growth of the native heap
# Possible solutions:
#   Reduce memory load on the system
#   Increase physical memory or swap space
#   Check if swap backing store is full
#   Decrease Java heap size (-Xmx/-Xms)
#   Decrease number of Java threads
#   Decrease Java thread stack sizes (-Xss)
#   Set larger code cache with -XX:ReservedCodeCacheSize=
#   JVM is running with Unscaled Compressed Oops mode in which the Java heap is
#     placed in the first 4GB address space. The Java Heap base address is the
#     maximum limit for the native heap growth. Please use -XX:HeapBaseMinAddress
#     to set the Java Heap base and to place the Java Heap above 4GB virtual address.
# This output file may be truncated or incomplete.
#
#  Out of Memory Error (os_windows.cpp:3825), pid=12100, tid=10492
#
# JRE version:  (17.0.9) (build )
# Java VM: OpenJDK 64-Bit Server VM (17.0.9+0--11185874, mixed mode, sharing, tiered, compressed oops, compressed class ptrs, g1 gc, windows-amd64)
# No core dump will be written. Minidumps are not enabled by default on client versions of Windows
#

---------------  S U M M A R Y ------------

Command Line: 

Host: AMD Ryzen 3 3250U with Radeon Graphics         , 4 cores, 3G,  Windows 11 , 64 bit Build 22621 (10.0.22621.3085)
Time: Wed Mar 13 07:25:24 2024 SE Asia Standard Time elapsed time: 0.040049 seconds (0d 0h 0m 0s)

---------------  T H R E A D  ---------------

Current thread (0x000001fe4f231640):  JavaThread "Unknown thread" [_thread_in_vm, id=10492, stack(0x0000009e9ec00000,0x0000009e9ed00000)]

Stack: [0x0000009e9ec00000,0x0000009e9ed00000]
Native frames: (J=compiled Java code, j=interpreted, Vv=VM code, C=native code)
V  [jvm.dll+0x6886e9]
V  [jvm.dll+0x841e4a]
V  [jvm.dll+0x843a8e]
V  [jvm.dll+0x8440f3]
V  [jvm.dll+0x24c14f]
V  [jvm.dll+0x685499]
V  [jvm.dll+0x679c2a]
V  [jvm.dll+0x30cf9b]
V  [jvm.dll+0x314446]
V  [jvm.dll+0x36425e]
V  [jvm.dll+0x36448f]
V  [jvm.dll+0x2e2d68]
V  [jvm.dll+0x2e3cd4]
V  [jvm.dll+0x8129f1]
V  [jvm.dll+0x3720c1]
V  [jvm.dll+0x7f152c]
V  [jvm.dll+0x3f5d4f]
V  [jvm.dll+0x3f7981]
C  [jli.dll+0x528f]
C  [ucrtbase.dll+0x29363]
C  [KERNEL32.DLL+0x1257d]
C  [ntdll.dll+0x5aa58]


---------------  P R O C E S S  ---------------

Threads class SMR info:
_java_thread_list=0x00007ff83031ef18, length=0, elements={
}

Java Threads: ( => current thread )

Other Threads:
  0x000001fe4f2691a0 GCTaskThread "GC Thread#0" [stack: 0x0000009e9ed00000,0x0000009e9ee00000] [id=6804]
  0x000001fe4f271040 ConcurrentGCThread "G1 Main Marker" [stack: 0x0000009e9ee00000,0x0000009e9ef00000] [id=11456]
  0x000001fe4f271a60 ConcurrentGCThread "G1 Conc#0" [stack: 0x0000009e9ef00000,0x0000009e9f000000] [id=15848]

[error occurred during error reporting (printing all threads), id 0xc0000005, EXCEPTION_ACCESS_VIOLATION (0xc0000005) at pc=0x00007ff82fad3937]

VM state: not at safepoint (not fully initialized)

VM Mutex/Monitor currently owned by a thread:  ([mutex/lock_event])
[0x000001fe4f22c6c0] Heap_lock - owner thread: 0x000001fe4f231640

Heap address: 0x00000000c8c00000, size: 884 MB, Compressed Oops mode: 32-bit

CDS archive(s) mapped at: [0x0000000000000000-0x0000000000000000-0x0000000000000000), size 0, SharedBaseAddress: 0x0000000800000000, ArchiveRelocationMode: 1.
Narrow klass base: 0x0000000000000000, Narrow klass shift: 0, Narrow klass range: 0x0

GC Precious Log:
<Empty>

Heap:
 garbage-first heap   total 0K, used 0K [0x00000000c8c00000, 0x0000000100000000)
  region size 1024K, 0 young (0K), 0 survivors (0K)
 Metaspace       used 0K, committed 0K, reserved 0K
  class space    used 0K, committed 0K, reserved 0K

Heap Regions: E=young(eden), S=young(survivor), O=old, HS=humongous(starts), HC=humongous(continues), CS=collection set, F=free, OA=open archive, CA=closed archive, TAMS=top-at-mark-start (previous, next)

Card table byte_map: [0x000001fe61700000,0x000001fe618c0000] _byte_map_base: 0x000001fe610ba000

Marking Bits (Prev, Next): (CMBitMap*) 0x000001fe4f2697c0, (CMBitMap*) 0x000001fe4f269800
 Prev Bits: [0x000001fe61a80000, 0x000001fe62850000)
 Next Bits: [0x000001fe62850000, 0x000001fe63620000)

GC Heap History (0 events):
No events

Dll operation events (1 events):
Event: 0.027 Loaded shared library C:\Program Files\Android\Android Studio\jbr\bin\java.dll

Deoptimization events (0 events):
No events

Classes unloaded (0 events):
No events

Classes redefined (0 events):
No events

Internal exceptions (0 events):
No events

VM Operations (0 events):
No events

Events (0 events):
No events


Dynamic libraries:
0x00007ff6b6fb0000 - 0x00007ff6b6fba000 	C:\Program Files\Android\Android Studio\jbr\bin\java.EXE
0x00007ff87d210000 - 0x00007ff87d427000 	C:\WINDOWS\SYSTEM32\ntdll.dll
0x00007ff84a140000 - 0x00007ff84a159000 	C:\Program Files\AVG\Antivirus\aswhook.dll
0x00007ff87c090000 - 0x00007ff87c154000 	C:\WINDOWS\System32\KERNEL32.DLL
0x00007ff87a6a0000 - 0x00007ff87aa46000 	C:\WINDOWS\System32\KERNELBASE.dll
0x00007ff87aa80000 - 0x00007ff87ab91000 	C:\WINDOWS\System32\ucrtbase.dll
0x00007ff865880000 - 0x00007ff865897000 	C:\Program Files\Android\Android Studio\jbr\bin\jli.dll
0x00007ff8639a0000 - 0x00007ff8639bb000 	C:\Program Files\Android\Android Studio\jbr\bin\VCRUNTIME140.dll
0x00007ff87c910000 - 0x00007ff87cabe000 	C:\WINDOWS\System32\USER32.dll
0x00007ff87aa50000 - 0x00007ff87aa76000 	C:\WINDOWS\System32\win32u.dll
0x00007ff87b760000 - 0x00007ff87b789000 	C:\WINDOWS\System32\GDI32.dll
0x00007ff869710000 - 0x00007ff8699a3000 	C:\WINDOWS\WinSxS\amd64_microsoft.windows.common-controls_6595b64144ccf1df_6.0.22621.2506_none_270c5ae97388e100\COMCTL32.dll
0x00007ff87c7a0000 - 0x00007ff87c847000 	C:\WINDOWS\System32\msvcrt.dll
0x00007ff87a550000 - 0x00007ff87a668000 	C:\WINDOWS\System32\gdi32full.dll
0x00007ff87aba0000 - 0x00007ff87ac3a000 	C:\WINDOWS\System32\msvcp_win.dll
0x00007ff87b790000 - 0x00007ff87b7c1000 	C:\WINDOWS\System32\IMM32.DLL
0x00007ff877230000 - 0x00007ff87723c000 	C:\Program Files\Android\Android Studio\jbr\bin\vcruntime140_1.dll
0x00007ff861c00000 - 0x00007ff861c8d000 	C:\Program Files\Android\Android Studio\jbr\bin\msvcp140.dll
0x00007ff82f7e0000 - 0x00007ff830463000 	C:\Program Files\Android\Android Studio\jbr\bin\server\jvm.dll
0x00007ff87b300000 - 0x00007ff87b3b3000 	C:\WINDOWS\System32\ADVAPI32.dll
0x00007ff87ce60000 - 0x00007ff87cf08000 	C:\WINDOWS\System32\sechost.dll
0x00007ff87a670000 - 0x00007ff87a698000 	C:\WINDOWS\System32\bcrypt.dll
0x00007ff87cf10000 - 0x00007ff87d027000 	C:\WINDOWS\System32\RPCRT4.dll
0x00007ff87a420000 - 0x00007ff87a46d000 	C:\WINDOWS\SYSTEM32\POWRPROF.dll
0x00007ff86a890000 - 0x00007ff86a899000 	C:\WINDOWS\SYSTEM32\WSOCK32.dll
0x00007ff87cde0000 - 0x00007ff87ce51000 	C:\WINDOWS\System32\WS2_32.dll
0x00007ff873e90000 - 0x00007ff873ec4000 	C:\WINDOWS\SYSTEM32\WINMM.dll
0x00007ff870c80000 - 0x00007ff870c8a000 	C:\WINDOWS\SYSTEM32\VERSION.dll
0x00007ff87a400000 - 0x00007ff87a413000 	C:\WINDOWS\SYSTEM32\UMPDC.dll
0x00007ff879590000 - 0x00007ff8795a8000 	C:\WINDOWS\SYSTEM32\kernel.appcore.dll
0x00007ff874ce0000 - 0x00007ff874cea000 	C:\Program Files\Android\Android Studio\jbr\bin\jimage.dll
0x00007ff877f00000 - 0x00007ff878133000 	C:\WINDOWS\SYSTEM32\DBGHELP.DLL
0x00007ff87b3c0000 - 0x00007ff87b749000 	C:\WINDOWS\System32\combase.dll
0x00007ff87c1e0000 - 0x00007ff87c2b7000 	C:\WINDOWS\System32\OLEAUT32.dll
0x00007ff86e4f0000 - 0x00007ff86e522000 	C:\WINDOWS\SYSTEM32\dbgcore.DLL
0x00007ff87aee0000 - 0x00007ff87af5a000 	C:\WINDOWS\System32\bcryptPrimitives.dll
0x00007ff8626d0000 - 0x00007ff8626f5000 	C:\Program Files\Android\Android Studio\jbr\bin\java.dll

dbghelp: loaded successfully - version: 4.0.5 - missing functions: none
symbol engine: initialized successfully - sym options: 0x614 - pdb path: .;C:\Program Files\Android\Android Studio\jbr\bin;C:\WINDOWS\SYSTEM32;C:\Program Files\AVG\Antivirus;C:\WINDOWS\WinSxS\amd64_microsoft.windows.common-controls_6595b64144ccf1df_6.0.22621.2506_none_270c5ae97388e100;C:\Program Files\Android\Android Studio\jbr\bin\server

VM Arguments:
java_command: <unknown>
java_class_path (initial): <not set>
Launcher Type: SUN_STANDARD

[Global flags]
     intx CICompilerCount                          = 3                                         {product} {ergonomic}
     uint ConcGCThreads                            = 1                                         {product} {ergonomic}
     uint G1ConcRefinementThreads                  = 4                                         {product} {ergonomic}
   size_t G1HeapRegionSize                         = 1048576                                   {product} {ergonomic}
    uintx GCDrainStackTargetSize                   = 64                                        {product} {ergonomic}
   size_t InitialHeapSize                          = 58720256                                  {product} {ergonomic}
   size_t MarkStackSize                            = 4194304                                   {product} {ergonomic}
   size_t MaxHeapSize                              = 926941184                                 {product} {ergonomic}
   size_t MinHeapDeltaBytes                        = 1048576                                   {product} {ergonomic}
   size_t MinHeapSize                              = 8388608                                   {product} {ergonomic}
    uintx NonNMethodCodeHeapSize                   = 5832780                                {pd product} {ergonomic}
    uintx NonProfiledCodeHeapSize                  = 122912730                              {pd product} {ergonomic}
    uintx ProfiledCodeHeapSize                     = 122912730                              {pd product} {ergonomic}
    uintx ReservedCodeCacheSize                    = 251658240                              {pd product} {ergonomic}
     bool SegmentedCodeCache                       = true                                      {product} {ergonomic}
   size_t SoftMaxHeapSize                          = 926941184                              {manageable} {ergonomic}
     bool UseCompressedClassPointers               = true                           {product lp64_product} {ergonomic}
     bool UseCompressedOops                        = true                           {product lp64_product} {ergonomic}
     bool UseG1GC                                  = true                                      {product} {ergonomic}
     bool UseLargePagesIndividualAllocation        = false                                  {pd product} {ergonomic}

Logging:
Log output configuration:
 #0: stdout all=warning uptime,level,tags
 #1: stderr all=off uptime,level,tags

Environment Variables:
PATH=C:\Program Files\Python311\Scripts\;C:\Program Files\Python311\;C:\Program Files\Microsoft\jdk-11.0.16.101-hotspot\bin;C:\WINDOWS\system32;C:\WINDOWS;C:\WINDOWS\System32\Wbem;C:\WINDOWS\System32\WindowsPowerShell\v1.0\;C:\WINDOWS\System32\OpenSSH\;C:\Program Files\Microsoft SQL Server\120\Tools\Binn\;C:\Program Files\Microsoft SQL Server\Client SDK\ODBC\110\Tools\Binn\;C:\Program Files (x86)\Microsoft SQL Server\120\Tools\Binn\;C:\Program Files\Microsoft SQL Server\120\DTS\Binn\;C:\Program Files (x86)\Microsoft SQL Server\120\Tools\Binn\ManagementStudio\;C:\Program Files (x86)\Microsoft SQL Server\120\DTS\Binn\;C:\php-8.2.4;C:\Program Files\Microsoft SQL Server\Client SDK\ODBC\170\Tools\Binn\;C:\Program Files (x86)\Microsoft SQL Server\160\Tools\Binn\;C:\Program Files\Microsoft SQL Server\160\Tools\Binn\;C:\Program Files\Microsoft SQL Server\160\DTS\Binn\;C:\Program Files\Git\cmd;C:\Program Files\Microsoft SQL Server\150\Tools\Binn\;C:\Program Files\dotnet\;C:\Program Files (x86)\Windows Kits\10\Windows Performance Toolkit\;C:\Users\pc\dev\flutter\bin;C:\Users\pc\.dotnet\tools;C:\Users\pc\AppData\Local\Programs\Microsoft VS Code\bin;C:\Users\pc\dev\flutter\bin\mingit\cmd;C:\Users\pc\dev\flutter\bin\mingit\cmd
USERNAME=pc
OS=Windows_NT
PROCESSOR_IDENTIFIER=AMD64 Family 23 Model 24 Stepping 1, AuthenticAMD
TMP=C:\Users\pc\AppData\Local\Temp
TEMP=C:\Users\pc\AppData\Local\Temp



Periodic native trim disabled

JNI global refs:
JNI global refs: 0, weak refs: 0

JNI global refs memory usage: 0, weak refs: 0

OOME stack traces (most recent first):
Classloader memory used:


---------------  S Y S T E M  ---------------

OS:
 Windows 11 , 64 bit Build 22621 (10.0.22621.3085)
OS uptime: 0 days 14:05 hours

CPU: total 4 (initial active 4) (4 cores per cpu, 2 threads per core) family 23 model 24 stepping 1 microcode 0x0, cx8, cmov, fxsr, ht, mmx, 3dnowpref, sse, sse2, sse3, ssse3, sse4a, sse4.1, sse4.2, popcnt, lzcnt, tsc, tscinvbit, avx, avx2, aes, clmul, bmi1, bmi2, adx, sha, fma, vzeroupper, clflush, clflushopt
Processor Information for all 4 processors :
  Max Mhz: 2600, Current Mhz: 2600, Mhz Limit: 2600

Memory: 4k page, system-wide physical 3534M (191M free)
TotalPageFile size 17870M (AvailPageFile size 21M)
current process WorkingSet (physical memory assigned to process): 11M, peak: 11M
current process commit charge ("private bytes"): 51M, peak: 107M

vm_info: OpenJDK 64-Bit Server VM (17.0.9+0--11185874) for windows-amd64 JRE (17.0.9+0--11185874), built on Dec  6 2023 18:57:44 by "androidbuild" with MS VC++ 16.10 / 16.11 (VS2019)

END.
